E, [2017-03-23T16:00:20.698404 #4854] ERROR -- Kitchen: ------Exception-------
E, [2017-03-23T16:00:20.698508 #4854] ERROR -- Kitchen: Class: Kitchen::UserError
E, [2017-03-23T16:00:20.698533 #4854] ERROR -- Kitchen: Message: Kitchen YAML file /Users/christiankewerkopf/cinq/git/ansible/test/tasks/.kitchen.yml does not exist.
E, [2017-03-23T16:00:20.698550 #4854] ERROR -- Kitchen: ----------------------
E, [2017-03-23T16:00:20.698586 #4854] ERROR -- Kitchen: ------Backtrace-------
E, [2017-03-23T16:00:20.698600 #4854] ERROR -- Kitchen: /Library/Ruby/Gems/2.0.0/gems/test-kitchen-1.16.0/lib/kitchen/loader/yaml.rb:71:in `read'
E, [2017-03-23T16:00:20.698614 #4854] ERROR -- Kitchen: /Library/Ruby/Gems/2.0.0/gems/test-kitchen-1.16.0/lib/kitchen/config.rb:152:in `data'
E, [2017-03-23T16:00:20.698627 #4854] ERROR -- Kitchen: /Library/Ruby/Gems/2.0.0/gems/test-kitchen-1.16.0/lib/kitchen/config.rb:131:in `suites'
E, [2017-03-23T16:00:20.698640 #4854] ERROR -- Kitchen: /Library/Ruby/Gems/2.0.0/gems/test-kitchen-1.16.0/lib/kitchen/config.rb:182:in `filter_instances'
E, [2017-03-23T16:00:20.698654 #4854] ERROR -- Kitchen: /Library/Ruby/Gems/2.0.0/gems/test-kitchen-1.16.0/lib/kitchen/config.rb:141:in `build_instances'
E, [2017-03-23T16:00:20.698667 #4854] ERROR -- Kitchen: /Library/Ruby/Gems/2.0.0/gems/test-kitchen-1.16.0/lib/kitchen/config.rb:117:in `instances'
E, [2017-03-23T16:00:20.698680 #4854] ERROR -- Kitchen: /Library/Ruby/Gems/2.0.0/gems/test-kitchen-1.16.0/lib/kitchen/command.rb:112:in `filtered_instances'
E, [2017-03-23T16:00:20.698693 #4854] ERROR -- Kitchen: /Library/Ruby/Gems/2.0.0/gems/test-kitchen-1.16.0/lib/kitchen/command.rb:142:in `parse_subcommand'
E, [2017-03-23T16:00:20.698706 #4854] ERROR -- Kitchen: /Library/Ruby/Gems/2.0.0/gems/test-kitchen-1.16.0/lib/kitchen/command/list.rb:30:in `call'
E, [2017-03-23T16:00:20.698732 #4854] ERROR -- Kitchen: /Library/Ruby/Gems/2.0.0/gems/test-kitchen-1.16.0/lib/kitchen/cli.rb:53:in `perform'
E, [2017-03-23T16:00:20.698746 #4854] ERROR -- Kitchen: /Library/Ruby/Gems/2.0.0/gems/test-kitchen-1.16.0/lib/kitchen/cli.rb:121:in `list'
E, [2017-03-23T16:00:20.698759 #4854] ERROR -- Kitchen: /Library/Ruby/Gems/2.0.0/gems/thor-0.19.1/lib/thor/command.rb:27:in `run'
E, [2017-03-23T16:00:20.698772 #4854] ERROR -- Kitchen: /Library/Ruby/Gems/2.0.0/gems/thor-0.19.1/lib/thor/invocation.rb:126:in `invoke_command'
E, [2017-03-23T16:00:20.698785 #4854] ERROR -- Kitchen: /Library/Ruby/Gems/2.0.0/gems/test-kitchen-1.16.0/lib/kitchen/cli.rb:334:in `invoke_task'
E, [2017-03-23T16:00:20.698798 #4854] ERROR -- Kitchen: /Library/Ruby/Gems/2.0.0/gems/thor-0.19.1/lib/thor.rb:359:in `dispatch'
E, [2017-03-23T16:00:20.698811 #4854] ERROR -- Kitchen: /Library/Ruby/Gems/2.0.0/gems/thor-0.19.1/lib/thor/base.rb:440:in `start'
E, [2017-03-23T16:00:20.698824 #4854] ERROR -- Kitchen: /Library/Ruby/Gems/2.0.0/gems/test-kitchen-1.16.0/bin/kitchen:13:in `block in <top (required)>'
E, [2017-03-23T16:00:20.698837 #4854] ERROR -- Kitchen: /Library/Ruby/Gems/2.0.0/gems/test-kitchen-1.16.0/lib/kitchen/errors.rb:171:in `with_friendly_errors'
E, [2017-03-23T16:00:20.698850 #4854] ERROR -- Kitchen: /Library/Ruby/Gems/2.0.0/gems/test-kitchen-1.16.0/bin/kitchen:13:in `<top (required)>'
E, [2017-03-23T16:00:20.698863 #4854] ERROR -- Kitchen: /usr/local/bin/kitchen:23:in `load'
E, [2017-03-23T16:00:20.698876 #4854] ERROR -- Kitchen: /usr/local/bin/kitchen:23:in `<main>'
E, [2017-03-23T16:00:20.698888 #4854] ERROR -- Kitchen: ----End Backtrace-----
